<?xml version="1.0" encoding="UTF-8"?>
<testsuites name="OlseraPOSe2e" time="132.243" tests="4" failures="0" errors="0">
   <testsuite name="OlseraPOSe2e" tests="4" failures="0" errors="0" time="132.243" skipped="0" timestamp="19-09-2024T12:48:26" hostname="noval - localhost" id="Test Suites/OlseraPOS/OlseraPOSe2e">
      <properties>
         <property name="deviceName" value="HMD Global Nokia 5.1 Plus (Android 10)"/>
         <property name="devicePlatform" value="Android"/>
         <property name="logFolder" value="/Users/noval/Katalon Studio/Olsera_POS/Reports/20240919_124820/OlseraPOS/OlseraPOSe2e/20240919_124820"/>
         <property name="logFiles" value="/Users/noval/Katalon Studio/Olsera_POS/Reports/20240919_124820/OlseraPOS/OlseraPOSe2e/20240919_124820/execution0.log, /Users/noval/Katalon Studio/Olsera_POS/Reports/20240919_124820/OlseraPOS/OlseraPOSe2e/20240919_124820/appium_error.log, /Users/noval/Katalon Studio/Olsera_POS/Reports/20240919_124820/OlseraPOS/OlseraPOSe2e/20240919_124820/appium.log"/>
         <property name="attachments" value=""/>
         <property name="hostName" value="noval - localhost"/>
         <property name="os" value="Mac OS X 64bit"/>
         <property name="appiumServerStatus" value="{&quot;value&quot;:{&quot;ready&quot;:true,&quot;message&quot;:&quot;The server is ready to accept new connections&quot;,&quot;build&quot;:{&quot;version&quot;:&quot;2.11.3&quot;,&quot;git-sha&quot;:&quot;42c11a4dedf352229271593de831161071603c66&quot;,&quot;built&quot;:&quot;2024-09-17 03:46:39 +0100&quot;}}}"/>
         <property name="katalonVersion" value="9.5.0.217"/>
         <property name="deviceOS" value="Android"/>
         <property name="appiumVersion" value="2.11.3"/>
         <property name="deviceModel" value="Nokia 5.1 Plus"/>
         <property name="hostAddress" value="127.0.0.1"/>
         <property name="deviceManufacturer" value="HMD Global"/>
         <property name="deviceId" value="PDAGAA4890411161"/>
         <property name="deviceName" value="HMD Global Nokia 5.1 Plus (Android 10)"/>
         <property name="deviceOSVersion" value="10"/>
      </properties>
      <testcase name="Test Cases/loginstaff" time="37.598" classname="Test Cases/loginstaff" status="PASSED">
         <system-out><![CDATA[19-09-2024T12:48:26 - [TEST_CASE][PASSED] - Test Cases/loginstaff: Test Cases/loginstaff

19-09-2024T12:48:26 - [TEST_STEP][PASSED] - startExistingApplication("com.olserapratama.pos"): Starting application with Id: 'com.olserapratama.pos'

19-09-2024T12:48:26 - [MESSAGE][INFO] - Detected NodeJS location: "/opt/homebrew/Cellar/node/22.7.0/bin/node"

19-09-2024T12:48:26 - [MESSAGE][INFO] - PATH: /opt/homebrew/Cellar/node/22.7.0/bin:/opt/homebrew/bin:/usr/bin:/bin:/usr/sbin:/sbin:/Applications/Katalon Studio Free Arm64.app/Contents/Eclipse/jre/Contents/Home/bin:/usr/local/bin/

19-09-2024T12:48:26 - [MESSAGE][INFO] - APPIUM_HOME: /Users/noval/.appium

19-09-2024T12:48:26 - [MESSAGE][INFO] - appium outlog: /Users/noval/Katalon Studio/Olsera_POS/Reports/20240919_124820/OlseraPOS/OlseraPOSe2e/20240919_124820/appium.log

19-09-2024T12:48:26 - [MESSAGE][INFO] - appium errlog: /Users/noval/Katalon Studio/Olsera_POS/Reports/20240919_124820/OlseraPOS/OlseraPOSe2e/20240919_124820/appium_error.log

19-09-2024T12:48:28 - [MESSAGE][INFO] - Appium server started on port 62,677

19-09-2024T12:48:39 - [MESSAGE][PASSED] - Starting application with Id: 'com.olserapratama.pos'

19-09-2024T12:48:39 - [TEST_STEP][PASSED] - enableSmartWait(): null

19-09-2024T12:48:39 - [TEST_STEP][PASSED] - tap(findTestObject("Object Repository/Login Staff/android.widget.ImageView"), 0): Tapped on element 'Object Repository/Login Staff/android.widget.ImageView'

19-09-2024T12:48:39 - [MESSAGE][WARNING] - Timeout '0' is invalid. Using default page load timeout: '30'

19-09-2024T12:48:43 - [MESSAGE][PASSED] - Tapped on element 'Object Repository/Login Staff/android.widget.ImageView'

19-09-2024T12:48:43 - [TEST_STEP][PASSED] - tap(findTestObject("Object Repository/Login Staff/android.widget.ImageView"), 0): Tapped on element 'Object Repository/Login Staff/android.widget.ImageView'

19-09-2024T12:48:43 - [MESSAGE][WARNING] - Timeout '0' is invalid. Using default page load timeout: '30'

19-09-2024T12:48:44 - [MESSAGE][PASSED] - Tapped on element 'Object Repository/Login Staff/android.widget.ImageView'

19-09-2024T12:48:44 - [TEST_STEP][PASSED] - tap(findTestObject("Object Repository/Login Staff/android.widget.EditText - Store ID"), 0): Tapped on element 'Object Repository/Login Staff/android.widget.EditText - Store ID'

19-09-2024T12:48:44 - [MESSAGE][WARNING] - Timeout '0' is invalid. Using default page load timeout: '30'

19-09-2024T12:48:47 - [MESSAGE][PASSED] - Tapped on element 'Object Repository/Login Staff/android.widget.EditText - Store ID'

19-09-2024T12:48:47 - [TEST_STEP][PASSED] - setText(findTestObject("Object Repository/Login Staff/android.widget.EditText - Store ID (1)"), "sukucadangmobil", 0): Text 'sukucadangmobil' has been set to element 'Object Repository/Login Staff/android.widget.EditText - Store ID (1)'

19-09-2024T12:48:47 - [MESSAGE][WARNING] - Timeout '0' is invalid. Using default page load timeout: '30'

19-09-2024T12:48:50 - [MESSAGE][PASSED] - Text 'sukucadangmobil' has been set to element 'Object Repository/Login Staff/android.widget.EditText - Store ID (1)'

19-09-2024T12:48:50 - [TEST_STEP][PASSED] - verifyElementText(findTestObject("Object Repository/Login Staff/android.widget.EditText - sukucadangmobil"), "sukucadangmobil"): Actual text and expected text of test object 'Object Repository/Login Staff/android.widget.EditText - sukucadangmobil' are matched.

19-09-2024T12:48:51 - [MESSAGE][PASSED] - Actual text and expected text of test object 'Object Repository/Login Staff/android.widget.EditText - sukucadangmobil' are matched.

19-09-2024T12:48:51 - [TEST_STEP][PASSED] - tap(findTestObject("Object Repository/Login Staff/android.widget.EditText - Staff Code"), 0): Tapped on element 'Object Repository/Login Staff/android.widget.EditText - Staff Code'

19-09-2024T12:48:51 - [MESSAGE][WARNING] - Timeout '0' is invalid. Using default page load timeout: '30'

19-09-2024T12:48:51 - [MESSAGE][PASSED] - Tapped on element 'Object Repository/Login Staff/android.widget.EditText - Staff Code'

19-09-2024T12:48:51 - [TEST_STEP][PASSED] - setText(findTestObject("Object Repository/Login Staff/android.widget.EditText - Staff Code (1)"), "P01", 0): Text 'P01' has been set to element 'Object Repository/Login Staff/android.widget.EditText - Staff Code (1)'

19-09-2024T12:48:51 - [MESSAGE][WARNING] - Timeout '0' is invalid. Using default page load timeout: '30'

19-09-2024T12:48:53 - [MESSAGE][PASSED] - Text 'P01' has been set to element 'Object Repository/Login Staff/android.widget.EditText - Staff Code (1)'

19-09-2024T12:48:53 - [TEST_STEP][PASSED] - verifyElementText(findTestObject("Object Repository/Login Staff/android.widget.EditText - P01"), "P01"): Actual text and expected text of test object 'Object Repository/Login Staff/android.widget.EditText - P01' are matched.

19-09-2024T12:48:54 - [MESSAGE][PASSED] - Actual text and expected text of test object 'Object Repository/Login Staff/android.widget.EditText - P01' are matched.

19-09-2024T12:48:54 - [TEST_STEP][PASSED] - tap(findTestObject("Object Repository/Login Staff/android.widget.EditText - Password"), 0): Tapped on element 'Object Repository/Login Staff/android.widget.EditText - Password'

19-09-2024T12:48:54 - [MESSAGE][WARNING] - Timeout '0' is invalid. Using default page load timeout: '30'

19-09-2024T12:48:55 - [MESSAGE][PASSED] - Tapped on element 'Object Repository/Login Staff/android.widget.EditText - Password'

19-09-2024T12:48:55 - [TEST_STEP][PASSED] - setText(findTestObject("Object Repository/Login Staff/android.widget.EditText - Password (1)"), "P01", 0): Text 'P01' has been set to element 'Object Repository/Login Staff/android.widget.EditText - Password (1)'

19-09-2024T12:48:55 - [MESSAGE][WARNING] - Timeout '0' is invalid. Using default page load timeout: '30'

19-09-2024T12:48:57 - [MESSAGE][PASSED] - Text 'P01' has been set to element 'Object Repository/Login Staff/android.widget.EditText - Password (1)'

19-09-2024T12:48:57 - [TEST_STEP][PASSED] - verifyElementVisible(findTestObject("Object Repository/Login Staff/android.widget.Button - Sign In"), 0): Element 'Object Repository/Login Staff/android.widget.Button - Sign In' is visible

19-09-2024T12:48:57 - [MESSAGE][WARNING] - Timeout '0' is invalid. Using default page load timeout: '30'

19-09-2024T12:48:58 - [MESSAGE][PASSED] - Element 'Object Repository/Login Staff/android.widget.Button - Sign In' is visible

19-09-2024T12:48:58 - [TEST_STEP][PASSED] - verifyElementExist(findTestObject("Object Repository/Login Staff/android.widget.Button - Sign In"), 0): Element 'Object Repository/Login Staff/android.widget.Button - Sign In' is exist

19-09-2024T12:48:58 - [MESSAGE][WARNING] - Timeout '0' is invalid. Using default page load timeout: '30'

19-09-2024T12:48:58 - [MESSAGE][PASSED] - Element 'Object Repository/Login Staff/android.widget.Button - Sign In' is exist

19-09-2024T12:48:58 - [TEST_STEP][PASSED] - tap(findTestObject("Object Repository/Login Staff/android.widget.Button - Sign In"), 0): Tapped on element 'Object Repository/Login Staff/android.widget.Button - Sign In'

19-09-2024T12:48:58 - [MESSAGE][WARNING] - Timeout '0' is invalid. Using default page load timeout: '30'

19-09-2024T12:48:59 - [MESSAGE][PASSED] - Tapped on element 'Object Repository/Login Staff/android.widget.Button - Sign In'

19-09-2024T12:48:59 - [TEST_STEP][PASSED] - tap(findTestObject("Object Repository/Process Order/android.widget.Button - DENY"), 0): Tapped on element 'Object Repository/Process Order/android.widget.Button - DENY'

19-09-2024T12:48:59 - [MESSAGE][WARNING] - Timeout '0' is invalid. Using default page load timeout: '30'

19-09-2024T12:49:02 - [MESSAGE][PASSED] - Tapped on element 'Object Repository/Process Order/android.widget.Button - DENY'

19-09-2024T12:49:02 - [TEST_STEP][PASSED] - closeApplication(): Close app successfully

19-09-2024T12:49:03 - [MESSAGE][PASSED] - Close app successfully]]></system-out>
         <system-err><![CDATA[]]></system-err>
      </testcase>
      <testcase name="Test Cases/processorder" time="43.597" classname="Test Cases/processorder" status="PASSED">
         <system-out><![CDATA[19-09-2024T12:49:03 - [TEST_CASE][PASSED] - Test Cases/processorder: Test Cases/processorder

19-09-2024T12:49:03 - [TEST_STEP][PASSED] - startExistingApplication("com.olserapratama.pos"): Starting application with Id: 'com.olserapratama.pos'

19-09-2024T12:49:04 - [MESSAGE][INFO] - Detected NodeJS location: "/opt/homebrew/Cellar/node/22.7.0/bin/node"

19-09-2024T12:49:04 - [MESSAGE][INFO] - PATH: /opt/homebrew/Cellar/node/22.7.0/bin:/opt/homebrew/bin:/usr/bin:/bin:/usr/sbin:/sbin:/Applications/Katalon Studio Free Arm64.app/Contents/Eclipse/jre/Contents/Home/bin:/usr/local/bin/

19-09-2024T12:49:04 - [MESSAGE][INFO] - APPIUM_HOME: /Users/noval/.appium

19-09-2024T12:49:04 - [MESSAGE][INFO] - appium outlog: /Users/noval/Katalon Studio/Olsera_POS/Reports/20240919_124820/OlseraPOS/OlseraPOSe2e/20240919_124820/appium.log

19-09-2024T12:49:04 - [MESSAGE][INFO] - appium errlog: /Users/noval/Katalon Studio/Olsera_POS/Reports/20240919_124820/OlseraPOS/OlseraPOSe2e/20240919_124820/appium_error.log

19-09-2024T12:49:05 - [MESSAGE][INFO] - Appium server started on port 62,834

19-09-2024T12:49:12 - [MESSAGE][PASSED] - Starting application with Id: 'com.olserapratama.pos'

19-09-2024T12:49:12 - [TEST_STEP][PASSED] - tap(findTestObject("Object Repository/Process Order/android.widget.Button - DENY"), 0): Tapped on element 'Object Repository/Process Order/android.widget.Button - DENY'

19-09-2024T12:49:12 - [MESSAGE][WARNING] - Timeout '0' is invalid. Using default page load timeout: '30'

19-09-2024T12:49:15 - [MESSAGE][PASSED] - Tapped on element 'Object Repository/Process Order/android.widget.Button - DENY'

19-09-2024T12:49:15 - [TEST_STEP][PASSED] - tap(findTestObject("Object Repository/Process Order/android.widget.TextView -"), 0): Tapped on element 'Object Repository/Process Order/android.widget.TextView -'

19-09-2024T12:49:15 - [MESSAGE][WARNING] - Timeout '0' is invalid. Using default page load timeout: '30'

19-09-2024T12:49:17 - [MESSAGE][PASSED] - Tapped on element 'Object Repository/Process Order/android.widget.TextView -'

19-09-2024T12:49:17 - [TEST_STEP][PASSED] - verifyElementText(findTestObject("Object Repository/Process Order/android.widget.TextView - (1)"), ""): Actual text and expected text of test object 'Object Repository/Process Order/android.widget.TextView - (1)' are matched.

19-09-2024T12:49:18 - [MESSAGE][PASSED] - Actual text and expected text of test object 'Object Repository/Process Order/android.widget.TextView - (1)' are matched.

19-09-2024T12:49:18 - [TEST_STEP][PASSED] - pressBack(): Press back button successfully

19-09-2024T12:49:18 - [MESSAGE][PASSED] - Press back button successfully

19-09-2024T12:49:18 - [TEST_STEP][PASSED] - tap(findTestObject("Object Repository/Process Order/android.widget.ImageView"), 0): Tapped on element 'Object Repository/Process Order/android.widget.ImageView'

19-09-2024T12:49:18 - [MESSAGE][WARNING] - Timeout '0' is invalid. Using default page load timeout: '30'

19-09-2024T12:49:20 - [MESSAGE][PASSED] - Tapped on element 'Object Repository/Process Order/android.widget.ImageView'

19-09-2024T12:49:20 - [TEST_STEP][PASSED] - tap(findTestObject("Object Repository/Process Order/android.widget.TextView - (2)"), 0): Tapped on element 'Object Repository/Process Order/android.widget.TextView - (2)'

19-09-2024T12:49:20 - [MESSAGE][WARNING] - Timeout '0' is invalid. Using default page load timeout: '30'

19-09-2024T12:49:21 - [MESSAGE][PASSED] - Tapped on element 'Object Repository/Process Order/android.widget.TextView - (2)'

19-09-2024T12:49:21 - [TEST_STEP][PASSED] - tap(findTestObject("Object Repository/Process Order/android.widget.EditText - 0"), 0): Tapped on element 'Object Repository/Process Order/android.widget.EditText - 0'

19-09-2024T12:49:21 - [MESSAGE][WARNING] - Timeout '0' is invalid. Using default page load timeout: '30'

19-09-2024T12:49:23 - [MESSAGE][PASSED] - Tapped on element 'Object Repository/Process Order/android.widget.EditText - 0'

19-09-2024T12:49:23 - [TEST_STEP][PASSED] - setText(findTestObject("Object Repository/Process Order/android.widget.EditText - 0 (1)"), "10000", 0): Text '10000' has been set to element 'Object Repository/Process Order/android.widget.EditText - 0 (1)'

19-09-2024T12:49:23 - [MESSAGE][WARNING] - Timeout '0' is invalid. Using default page load timeout: '30'

19-09-2024T12:49:26 - [MESSAGE][PASSED] - Text '10000' has been set to element 'Object Repository/Process Order/android.widget.EditText - 0 (1)'

19-09-2024T12:49:26 - [TEST_STEP][PASSED] - tap(findTestObject("Object Repository/Process Order/androidx.drawerlayout.widget.DrawerLayout"), 0): Tapped on element 'Object Repository/Process Order/androidx.drawerlayout.widget.DrawerLayout'

19-09-2024T12:49:26 - [MESSAGE][WARNING] - Timeout '0' is invalid. Using default page load timeout: '30'

19-09-2024T12:49:27 - [MESSAGE][PASSED] - Tapped on element 'Object Repository/Process Order/androidx.drawerlayout.widget.DrawerLayout'

19-09-2024T12:49:27 - [TEST_STEP][PASSED] - tap(findTestObject("Object Repository/Process Order/android.widget.EditText - Notes"), 0): Tapped on element 'Object Repository/Process Order/android.widget.EditText - Notes'

19-09-2024T12:49:27 - [MESSAGE][WARNING] - Timeout '0' is invalid. Using default page load timeout: '30'

19-09-2024T12:49:28 - [MESSAGE][PASSED] - Tapped on element 'Object Repository/Process Order/android.widget.EditText - Notes'

19-09-2024T12:49:28 - [TEST_STEP][PASSED] - setText(findTestObject("Object Repository/Process Order/android.widget.EditText - Notes (1)"), "Create Automation Order Item", 0): Text 'Create Automation Order Item' has been set to element 'Object Repository/Process Order/android.widget.EditText - Notes (1)'

19-09-2024T12:49:28 - [MESSAGE][WARNING] - Timeout '0' is invalid. Using default page load timeout: '30'

19-09-2024T12:49:31 - [MESSAGE][PASSED] - Text 'Create Automation Order Item' has been set to element 'Object Repository/Process Order/android.widget.EditText - Notes (1)'

19-09-2024T12:49:31 - [TEST_STEP][PASSED] - tap(findTestObject("Object Repository/Process Order/androidx.drawerlayout.widget.DrawerLayout"), 0): Tapped on element 'Object Repository/Process Order/androidx.drawerlayout.widget.DrawerLayout'

19-09-2024T12:49:31 - [MESSAGE][WARNING] - Timeout '0' is invalid. Using default page load timeout: '30'

19-09-2024T12:49:33 - [MESSAGE][PASSED] - Tapped on element 'Object Repository/Process Order/androidx.drawerlayout.widget.DrawerLayout'

19-09-2024T12:49:33 - [TEST_STEP][PASSED] - tap(findTestObject("Object Repository/Process Order/android.widget.TextView - Save"), 0): Tapped on element 'Object Repository/Process Order/android.widget.TextView - Save'

19-09-2024T12:49:33 - [MESSAGE][WARNING] - Timeout '0' is invalid. Using default page load timeout: '30'

19-09-2024T12:49:34 - [MESSAGE][PASSED] - Tapped on element 'Object Repository/Process Order/android.widget.TextView - Save'

19-09-2024T12:49:34 - [TEST_STEP][PASSED] - verifyElementVisible(findTestObject("Object Repository/Process Order/android.widget.TextView - Rp 1,990,000"), 0): Element 'Object Repository/Process Order/android.widget.TextView - Rp 1,990,000' is visible

19-09-2024T12:49:34 - [MESSAGE][WARNING] - Timeout '0' is invalid. Using default page load timeout: '30'

19-09-2024T12:49:35 - [MESSAGE][PASSED] - Element 'Object Repository/Process Order/android.widget.TextView - Rp 1,990,000' is visible

19-09-2024T12:49:35 - [TEST_STEP][PASSED] - verifyElementText(findTestObject("Object Repository/Process Order/android.widget.TextView - Rp 1,990,000"), "Rp 1,990,000"): Actual text and expected text of test object 'Object Repository/Process Order/android.widget.TextView - Rp 1,990,000' are matched.

19-09-2024T12:49:35 - [MESSAGE][PASSED] - Actual text and expected text of test object 'Object Repository/Process Order/android.widget.TextView - Rp 1,990,000' are matched.

19-09-2024T12:49:35 - [TEST_STEP][PASSED] - tap(findTestObject("Object Repository/Process Order/android.widget.TextView - Rp 1,990,000"), 0): Tapped on element 'Object Repository/Process Order/android.widget.TextView - Rp 1,990,000'

19-09-2024T12:49:35 - [MESSAGE][WARNING] - Timeout '0' is invalid. Using default page load timeout: '30'

19-09-2024T12:49:35 - [MESSAGE][PASSED] - Tapped on element 'Object Repository/Process Order/android.widget.TextView - Rp 1,990,000'

19-09-2024T12:49:35 - [TEST_STEP][PASSED] - verifyElementVisible(findTestObject("Object Repository/Process Order/android.widget.TextView - Select Payment Mode"), 0): Element 'Object Repository/Process Order/android.widget.TextView - Select Payment Mode' is visible

19-09-2024T12:49:35 - [MESSAGE][WARNING] - Timeout '0' is invalid. Using default page load timeout: '30'

19-09-2024T12:49:37 - [MESSAGE][PASSED] - Element 'Object Repository/Process Order/android.widget.TextView - Select Payment Mode' is visible

19-09-2024T12:49:37 - [TEST_STEP][PASSED] - verifyElementVisible(findTestObject("Object Repository/Process Order/android.widget.TextView - CASH"), 0): Element 'Object Repository/Process Order/android.widget.TextView - CASH' is visible

19-09-2024T12:49:37 - [MESSAGE][WARNING] - Timeout '0' is invalid. Using default page load timeout: '30'

19-09-2024T12:49:37 - [MESSAGE][PASSED] - Element 'Object Repository/Process Order/android.widget.TextView - CASH' is visible

19-09-2024T12:49:37 - [TEST_STEP][PASSED] - tap(findTestObject("Object Repository/Process Order/android.widget.TextView - CASH"), 0): Tapped on element 'Object Repository/Process Order/android.widget.TextView - CASH'

19-09-2024T12:49:37 - [MESSAGE][WARNING] - Timeout '0' is invalid. Using default page load timeout: '30'

19-09-2024T12:49:38 - [MESSAGE][PASSED] - Tapped on element 'Object Repository/Process Order/android.widget.TextView - CASH'

19-09-2024T12:49:38 - [TEST_STEP][PASSED] - verifyElementText(findTestObject("Object Repository/Process Order/android.widget.TextView - Rp 1,990,000 (1)"), "Rp 1,990,000"): Actual text and expected text of test object 'Object Repository/Process Order/android.widget.TextView - Rp 1,990,000 (1)' are matched.

19-09-2024T12:49:39 - [MESSAGE][PASSED] - Actual text and expected text of test object 'Object Repository/Process Order/android.widget.TextView - Rp 1,990,000 (1)' are matched.

19-09-2024T12:49:39 - [TEST_STEP][PASSED] - verifyElementText(findTestObject("Object Repository/Process Order/android.widget.TextView - Rp 1,990,000"), "Rp 1,990,000"): Actual text and expected text of test object 'Object Repository/Process Order/android.widget.TextView - Rp 1,990,000' are matched.

19-09-2024T12:49:39 - [MESSAGE][PASSED] - Actual text and expected text of test object 'Object Repository/Process Order/android.widget.TextView - Rp 1,990,000' are matched.

19-09-2024T12:49:39 - [TEST_STEP][PASSED] - tap(findTestObject("Object Repository/Process Order/android.widget.TextView - Pay"), 0): Tapped on element 'Object Repository/Process Order/android.widget.TextView - Pay'

19-09-2024T12:49:39 - [MESSAGE][WARNING] - Timeout '0' is invalid. Using default page load timeout: '30'

19-09-2024T12:49:40 - [MESSAGE][PASSED] - Tapped on element 'Object Repository/Process Order/android.widget.TextView - Pay'

19-09-2024T12:49:40 - [TEST_STEP][PASSED] - verifyElementText(findTestObject("Object Repository/Process Order/android.widget.TextView - 1,990,000"), "1,990,000"): Actual text and expected text of test object 'Object Repository/Process Order/android.widget.TextView - 1,990,000' are matched.

19-09-2024T12:49:41 - [MESSAGE][PASSED] - Actual text and expected text of test object 'Object Repository/Process Order/android.widget.TextView - 1,990,000' are matched.

19-09-2024T12:49:41 - [TEST_STEP][PASSED] - tap(findTestObject("Object Repository/Process Order/android.widget.TextView - (3)"), 0): Tapped on element 'Object Repository/Process Order/android.widget.TextView - (3)'

19-09-2024T12:49:41 - [MESSAGE][WARNING] - Timeout '0' is invalid. Using default page load timeout: '30'

19-09-2024T12:49:42 - [MESSAGE][PASSED] - Tapped on element 'Object Repository/Process Order/android.widget.TextView - (3)'

19-09-2024T12:49:42 - [TEST_STEP][PASSED] - tap(findTestObject("Object Repository/Process Order/android.widget.LinearLayout"), 0): Tapped on element 'Object Repository/Process Order/android.widget.LinearLayout'

19-09-2024T12:49:42 - [MESSAGE][WARNING] - Timeout '0' is invalid. Using default page load timeout: '30'

19-09-2024T12:49:43 - [MESSAGE][PASSED] - Tapped on element 'Object Repository/Process Order/android.widget.LinearLayout'

19-09-2024T12:49:43 - [TEST_STEP][PASSED] - tap(findTestObject("Object Repository/Process Order/android.widget.TextView - Transactions"), 0): Tapped on element 'Object Repository/Process Order/android.widget.TextView - Transactions'

19-09-2024T12:49:43 - [MESSAGE][WARNING] - Timeout '0' is invalid. Using default page load timeout: '30'

19-09-2024T12:49:44 - [MESSAGE][PASSED] - Tapped on element 'Object Repository/Process Order/android.widget.TextView - Transactions'

19-09-2024T12:49:44 - [TEST_STEP][PASSED] - verifyElementText(findTestObject("Object Repository/Process Order/android.widget.TextView - 1,990,000 - CASH"), "1,990,000 - CASH"): Actual text and expected text of test object 'Object Repository/Process Order/android.widget.TextView - 1,990,000 - CASH' are matched.

19-09-2024T12:49:46 - [MESSAGE][PASSED] - Actual text and expected text of test object 'Object Repository/Process Order/android.widget.TextView - 1,990,000 - CASH' are matched.

19-09-2024T12:49:46 - [TEST_STEP][PASSED] - closeApplication(): Close app successfully

19-09-2024T12:49:47 - [MESSAGE][PASSED] - Close app successfully]]></system-out>
         <system-err><![CDATA[]]></system-err>
      </testcase>
      <testcase name="Test Cases/sendreceipt" time="23.602" classname="Test Cases/sendreceipt" status="PASSED">
         <system-out><![CDATA[19-09-2024T12:49:47 - [TEST_CASE][PASSED] - Test Cases/sendreceipt: Test Cases/sendreceipt

19-09-2024T12:49:47 - [TEST_STEP][PASSED] - startExistingApplication("com.olserapratama.pos"): Starting application with Id: 'com.olserapratama.pos'

19-09-2024T12:49:47 - [MESSAGE][INFO] - Detected NodeJS location: "/opt/homebrew/Cellar/node/22.7.0/bin/node"

19-09-2024T12:49:47 - [MESSAGE][INFO] - PATH: /opt/homebrew/Cellar/node/22.7.0/bin:/opt/homebrew/bin:/usr/bin:/bin:/usr/sbin:/sbin:/Applications/Katalon Studio Free Arm64.app/Contents/Eclipse/jre/Contents/Home/bin:/usr/local/bin/

19-09-2024T12:49:47 - [MESSAGE][INFO] - APPIUM_HOME: /Users/noval/.appium

19-09-2024T12:49:47 - [MESSAGE][INFO] - appium outlog: /Users/noval/Katalon Studio/Olsera_POS/Reports/20240919_124820/OlseraPOS/OlseraPOSe2e/20240919_124820/appium.log

19-09-2024T12:49:47 - [MESSAGE][INFO] - appium errlog: /Users/noval/Katalon Studio/Olsera_POS/Reports/20240919_124820/OlseraPOS/OlseraPOSe2e/20240919_124820/appium_error.log

19-09-2024T12:49:49 - [MESSAGE][INFO] - Appium server started on port 63,004

19-09-2024T12:49:55 - [MESSAGE][PASSED] - Starting application with Id: 'com.olserapratama.pos'

19-09-2024T12:49:55 - [TEST_STEP][PASSED] - tap(findTestObject("Object Repository/Process Order/android.widget.Button - DENY"), 0): Tapped on element 'Object Repository/Process Order/android.widget.Button - DENY'

19-09-2024T12:49:55 - [MESSAGE][WARNING] - Timeout '0' is invalid. Using default page load timeout: '30'

19-09-2024T12:49:57 - [MESSAGE][PASSED] - Tapped on element 'Object Repository/Process Order/android.widget.Button - DENY'

19-09-2024T12:49:57 - [TEST_STEP][PASSED] - tap(findTestObject("Object Repository/Send E Receipt/android.widget.TextView -"), 0): Tapped on element 'Object Repository/Send E Receipt/android.widget.TextView -'

19-09-2024T12:49:57 - [MESSAGE][WARNING] - Timeout '0' is invalid. Using default page load timeout: '30'

19-09-2024T12:49:59 - [MESSAGE][PASSED] - Tapped on element 'Object Repository/Send E Receipt/android.widget.TextView -'

19-09-2024T12:49:59 - [TEST_STEP][PASSED] - tap(findTestObject("Object Repository/Send E Receipt/android.widget.TextView - Transactions"), 0): Tapped on element 'Object Repository/Send E Receipt/android.widget.TextView - Transactions'

19-09-2024T12:49:59 - [MESSAGE][WARNING] - Timeout '0' is invalid. Using default page load timeout: '30'

19-09-2024T12:50:00 - [MESSAGE][PASSED] - Tapped on element 'Object Repository/Send E Receipt/android.widget.TextView - Transactions'

19-09-2024T12:50:00 - [TEST_STEP][PASSED] - tap(findTestObject("Object Repository/Send E Receipt/android.widget.TextView - 062C24091900000001"), 0): Tapped on element 'Object Repository/Send E Receipt/android.widget.TextView - 062C24091900000001'

19-09-2024T12:50:00 - [MESSAGE][WARNING] - Timeout '0' is invalid. Using default page load timeout: '30'

19-09-2024T12:50:02 - [MESSAGE][PASSED] - Tapped on element 'Object Repository/Send E Receipt/android.widget.TextView - 062C24091900000001'

19-09-2024T12:50:02 - [TEST_STEP][PASSED] - tap(findTestObject("Object Repository/Send E Receipt/android.widget.TextView - (1)"), 0): Tapped on element 'Object Repository/Send E Receipt/android.widget.TextView - (1)'

19-09-2024T12:50:02 - [MESSAGE][WARNING] - Timeout '0' is invalid. Using default page load timeout: '30'

19-09-2024T12:50:03 - [MESSAGE][PASSED] - Tapped on element 'Object Repository/Send E Receipt/android.widget.TextView - (1)'

19-09-2024T12:50:03 - [TEST_STEP][PASSED] - verifyElementVisible(findTestObject("Object Repository/Send E Receipt/android.widget.TextView - Email"), 0): Element 'Object Repository/Send E Receipt/android.widget.TextView - Email' is visible

19-09-2024T12:50:03 - [MESSAGE][WARNING] - Timeout '0' is invalid. Using default page load timeout: '30'

19-09-2024T12:50:04 - [MESSAGE][PASSED] - Element 'Object Repository/Send E Receipt/android.widget.TextView - Email' is visible

19-09-2024T12:50:04 - [TEST_STEP][PASSED] - verifyElementVisible(findTestObject("Object Repository/Send E Receipt/android.widget.ImageButton"), 0): Element 'Object Repository/Send E Receipt/android.widget.ImageButton' is visible

19-09-2024T12:50:04 - [MESSAGE][WARNING] - Timeout '0' is invalid. Using default page load timeout: '30'

19-09-2024T12:50:04 - [MESSAGE][PASSED] - Element 'Object Repository/Send E Receipt/android.widget.ImageButton' is visible

19-09-2024T12:50:04 - [TEST_STEP][PASSED] - tap(findTestObject("Object Repository/Send E Receipt/android.widget.TextView - Email"), 0): Tapped on element 'Object Repository/Send E Receipt/android.widget.TextView - Email'

19-09-2024T12:50:04 - [MESSAGE][WARNING] - Timeout '0' is invalid. Using default page load timeout: '30'

19-09-2024T12:50:04 - [MESSAGE][PASSED] - Tapped on element 'Object Repository/Send E Receipt/android.widget.TextView - Email'

19-09-2024T12:50:04 - [TEST_STEP][PASSED] - verifyElementVisible(findTestObject("Object Repository/Send E Receipt/android.widget.FrameLayout"), 0): Element 'Object Repository/Send E Receipt/android.widget.FrameLayout' is visible

19-09-2024T12:50:04 - [MESSAGE][WARNING] - Timeout '0' is invalid. Using default page load timeout: '30'

19-09-2024T12:50:06 - [MESSAGE][PASSED] - Element 'Object Repository/Send E Receipt/android.widget.FrameLayout' is visible

19-09-2024T12:50:06 - [TEST_STEP][PASSED] - verifyElementVisible(findTestObject("Object Repository/Send E Receipt/android.widget.EditText - Recipients Email"), 0): Element 'Object Repository/Send E Receipt/android.widget.EditText - Recipients Email' is visible

19-09-2024T12:50:06 - [MESSAGE][WARNING] - Timeout '0' is invalid. Using default page load timeout: '30'

19-09-2024T12:50:06 - [MESSAGE][PASSED] - Element 'Object Repository/Send E Receipt/android.widget.EditText - Recipients Email' is visible

19-09-2024T12:50:06 - [TEST_STEP][PASSED] - verifyElementVisible(findTestObject("Object Repository/Send E Receipt/android.widget.TextView - CANCEL"), 0): Element 'Object Repository/Send E Receipt/android.widget.TextView - CANCEL' is visible

19-09-2024T12:50:06 - [MESSAGE][WARNING] - Timeout '0' is invalid. Using default page load timeout: '30'

19-09-2024T12:50:06 - [MESSAGE][PASSED] - Element 'Object Repository/Send E Receipt/android.widget.TextView - CANCEL' is visible

19-09-2024T12:50:06 - [TEST_STEP][PASSED] - verifyElementVisible(findTestObject("Object Repository/Send E Receipt/android.widget.TextView - CANCEL"), 0): Element 'Object Repository/Send E Receipt/android.widget.TextView - CANCEL' is visible

19-09-2024T12:50:06 - [MESSAGE][WARNING] - Timeout '0' is invalid. Using default page load timeout: '30'

19-09-2024T12:50:06 - [MESSAGE][PASSED] - Element 'Object Repository/Send E Receipt/android.widget.TextView - CANCEL' is visible

19-09-2024T12:50:06 - [TEST_STEP][PASSED] - setText(findTestObject("Send E Receipt/android.widget.EditText - Recipients Email"), "olseratest@mailinator.com", 0): Text 'olseratest@mailinator.com' has been set to element 'Object Repository/Send E Receipt/android.widget.EditText - Recipients Email'

19-09-2024T12:50:06 - [MESSAGE][WARNING] - Timeout '0' is invalid. Using default page load timeout: '30'

19-09-2024T12:50:08 - [MESSAGE][PASSED] - Text 'olseratest@mailinator.com' has been set to element 'Object Repository/Send E Receipt/android.widget.EditText - Recipients Email'

19-09-2024T12:50:08 - [TEST_STEP][PASSED] - verifyElementVisible(findTestObject("Object Repository/Send E Receipt/android.widget.TextView - CONFIRM"), 0): Element 'Object Repository/Send E Receipt/android.widget.TextView - CONFIRM' is visible

19-09-2024T12:50:08 - [MESSAGE][WARNING] - Timeout '0' is invalid. Using default page load timeout: '30'

19-09-2024T12:50:09 - [MESSAGE][PASSED] - Element 'Object Repository/Send E Receipt/android.widget.TextView - CONFIRM' is visible

19-09-2024T12:50:09 - [TEST_STEP][PASSED] - tap(findTestObject("Object Repository/Send E Receipt/android.widget.TextView - CONFIRM"), 0): Tapped on element 'Object Repository/Send E Receipt/android.widget.TextView - CONFIRM'

19-09-2024T12:50:09 - [MESSAGE][WARNING] - Timeout '0' is invalid. Using default page load timeout: '30'

19-09-2024T12:50:09 - [MESSAGE][PASSED] - Tapped on element 'Object Repository/Send E Receipt/android.widget.TextView - CONFIRM'

19-09-2024T12:50:09 - [TEST_STEP][PASSED] - enableSmartWait(): null

19-09-2024T12:50:09 - [TEST_STEP][PASSED] - closeApplication(): Close app successfully

19-09-2024T12:50:10 - [MESSAGE][PASSED] - Close app successfully]]></system-out>
         <system-err><![CDATA[]]></system-err>
      </testcase>
      <testcase name="Test Cases/checkemail" time="27.32" classname="Test Cases/checkemail" status="PASSED">
         <system-out><![CDATA[19-09-2024T12:50:10 - [TEST_CASE][PASSED] - Test Cases/checkemail: Test Cases/checkemail

19-09-2024T12:50:11 - [TEST_STEP][PASSED] - startExistingApplication("com.android.chrome"): Starting application with Id: 'com.android.chrome'

19-09-2024T12:50:11 - [MESSAGE][INFO] - Detected NodeJS location: "/opt/homebrew/Cellar/node/22.7.0/bin/node"

19-09-2024T12:50:11 - [MESSAGE][INFO] - PATH: /opt/homebrew/Cellar/node/22.7.0/bin:/opt/homebrew/bin:/usr/bin:/bin:/usr/sbin:/sbin:/Applications/Katalon Studio Free Arm64.app/Contents/Eclipse/jre/Contents/Home/bin:/usr/local/bin/

19-09-2024T12:50:11 - [MESSAGE][INFO] - APPIUM_HOME: /Users/noval/.appium

19-09-2024T12:50:11 - [MESSAGE][INFO] - appium outlog: /Users/noval/Katalon Studio/Olsera_POS/Reports/20240919_124820/OlseraPOS/OlseraPOSe2e/20240919_124820/appium.log

19-09-2024T12:50:11 - [MESSAGE][INFO] - appium errlog: /Users/noval/Katalon Studio/Olsera_POS/Reports/20240919_124820/OlseraPOS/OlseraPOSe2e/20240919_124820/appium_error.log

19-09-2024T12:50:12 - [MESSAGE][INFO] - Appium server started on port 63,161

19-09-2024T12:50:18 - [MESSAGE][PASSED] - Starting application with Id: 'com.android.chrome'

19-09-2024T12:50:18 - [TEST_STEP][PASSED] - tap(findTestObject("Object Repository/Check Email/android.widget.EditText - Search or type URL"), 0): Tapped on element 'Object Repository/Check Email/android.widget.EditText - Search or type URL'

19-09-2024T12:50:18 - [MESSAGE][WARNING] - Timeout '0' is invalid. Using default page load timeout: '30'

19-09-2024T12:50:26 - [MESSAGE][PASSED] - Tapped on element 'Object Repository/Check Email/android.widget.EditText - Search or type URL'

19-09-2024T12:50:26 - [TEST_STEP][PASSED] - setText(findTestObject("Object Repository/Check Email/android.widget.EditText - Search or type URL (1)"), "https://www.mailinator.com/v4/public/inboxes.jsp?to=olseratest", 0): Text 'https://www.mailinator.com/v4/public/inboxes.jsp?to=olseratest' has been set to element 'Object Repository/Check Email/android.widget.EditText - Search or type URL (1)'

19-09-2024T12:50:26 - [MESSAGE][WARNING] - Timeout '0' is invalid. Using default page load timeout: '30'

19-09-2024T12:50:30 - [MESSAGE][PASSED] - Text 'https://www.mailinator.com/v4/public/inboxes.jsp?to=olseratest' has been set to element 'Object Repository/Check Email/android.widget.EditText - Search or type URL (1)'

19-09-2024T12:50:30 - [TEST_STEP][PASSED] - tap(findTestObject("Object Repository/Check Email/android.widget.TextView - httpswww.mailinator.comv4publicinboxes.jsptoolseratest"), 0): Tapped on element 'Object Repository/Check Email/android.widget.TextView - httpswww.mailinator.comv4publicinboxes.jsptoolseratest'

19-09-2024T12:50:30 - [MESSAGE][WARNING] - Timeout '0' is invalid. Using default page load timeout: '30'

19-09-2024T12:50:32 - [MESSAGE][PASSED] - Tapped on element 'Object Repository/Check Email/android.widget.TextView - httpswww.mailinator.comv4publicinboxes.jsptoolseratest'

19-09-2024T12:50:32 - [TEST_STEP][PASSED] - scrollToText("olseratest"): Scrolling to text 'olseratest' successfully

19-09-2024T12:50:33 - [MESSAGE][PASSED] - Scrolling to text 'olseratest' successfully

19-09-2024T12:50:33 - [TEST_STEP][PASSED] - tap(findTestObject("Object Repository/Check Email/android.view.View"), 0): Tapped on element 'Object Repository/Check Email/android.view.View'

19-09-2024T12:50:34 - [MESSAGE][WARNING] - Timeout '0' is invalid. Using default page load timeout: '30'

19-09-2024T12:50:35 - [MESSAGE][PASSED] - Tapped on element 'Object Repository/Check Email/android.view.View'

19-09-2024T12:50:35 - [TEST_STEP][PASSED] - scrollToText("Back to Inbox"): Scrolling to text 'Back to Inbox' successfully

19-09-2024T12:50:36 - [MESSAGE][PASSED] - Scrolling to text 'Back to Inbox' successfully

19-09-2024T12:50:36 - [TEST_STEP][PASSED] - verifyElementVisible(findTestObject("Object Repository/Check Email/android.view.View (1)"), 0): Element 'Object Repository/Check Email/android.view.View (1)' is visible

19-09-2024T12:50:36 - [MESSAGE][WARNING] - Timeout '0' is invalid. Using default page load timeout: '30'

19-09-2024T12:50:37 - [MESSAGE][PASSED] - Element 'Object Repository/Check Email/android.view.View (1)' is visible

19-09-2024T12:50:37 - [TEST_STEP][PASSED] - closeApplication(): Close app successfully

19-09-2024T12:50:38 - [MESSAGE][PASSED] - Close app successfully]]></system-out>
         <system-err><![CDATA[]]></system-err>
      </testcase>
      <system-out><![CDATA[19-09-2024T12:48:26 - [TEST_SUITE][PASSED] - OlseraPOSe2e: Test Cases/checkemail]]></system-out>
      <system-err><![CDATA[]]></system-err>
   </testsuite>
</testsuites>
